[0m14:25:13.582827 [debug] [MainThread]: Sending event: {'category': 'dbt', 'action': 'invocation', 'label': 'start', 'context': [<snowplow_tracker.self_describing_json.SelfDescribingJson object at 0x7fb9ccca2350>, <snowplow_tracker.self_describing_json.SelfDescribingJson object at 0x7fb9cd426590>, <snowplow_tracker.self_describing_json.SelfDescribingJson object at 0x7fb9cd426530>]}


============================== 14:25:13.595995 | 3fbd0def-877a-4eb8-a231-a4d1a30018e1 ==============================
[0m14:25:13.595995 [info ] [MainThread]: Running with dbt=1.6.6
[0m14:25:13.596847 [debug] [MainThread]: running dbt with arguments {'printer_width': '80', 'indirect_selection': 'eager', 'write_json': 'True', 'log_cache_events': 'False', 'partial_parse': 'True', 'cache_selected_only': 'False', 'profiles_dir': '/home/vscode/.dbt', 'debug': 'False', 'fail_fast': 'False', 'log_path': 'logs', 'version_check': 'True', 'warn_error': 'None', 'use_colors': 'True', 'use_experimental_parser': 'False', 'no_print': 'None', 'quiet': 'False', 'log_format': 'default', 'introspect': 'True', 'invocation_command': 'dbt init', 'static_parser': 'True', 'target_path': 'None', 'warn_error_options': 'WarnErrorOptions(include=[], exclude=[])', 'send_anonymous_usage_stats': 'True'}
[0m14:25:13.597446 [warn ] [MainThread]: [ConfigFolderDirectory]: Unable to parse dict {'dir': PosixPath('/home/vscode/.dbt')}
[0m14:25:13.597937 [info ] [MainThread]: Creating dbt configuration folder at 
[0m14:25:29.145810 [debug] [MainThread]: Starter project path: /home/vscode/.local/lib/python3.10/site-packages/dbt/include/starter_project
[0m14:25:29.151321 [info ] [MainThread]: 
Your new dbt project "coffee_shop_ismail" was created!

For more information on how to configure the profiles.yml file,
please consult the dbt documentation here:

  https://docs.getdbt.com/docs/configure-your-profile

One more thing:

Need help? Don't hesitate to reach out to us via GitHub issues or on Slack:

  https://community.getdbt.com/

Happy modeling!

[0m14:25:29.152161 [info ] [MainThread]: Setting up your profile.
[0m14:26:30.407814 [info ] [MainThread]: Profile coffee_shop_ismail written to /home/vscode/.dbt/profiles.yml using target's profile_template.yml and your supplied values. Run 'dbt debug' to validate the connection.
[0m14:26:30.409137 [debug] [MainThread]: Command `dbt init` succeeded at 14:26:30.408968 after 76.83 seconds
[0m14:26:30.409640 [debug] [MainThread]: Sending event: {'category': 'dbt', 'action': 'invocation', 'label': 'end', 'context': [<snowplow_tracker.self_describing_json.SelfDescribingJson object at 0x7fb9ccca2350>, <snowplow_tracker.self_describing_json.SelfDescribingJson object at 0x7fb9c9449930>, <snowplow_tracker.self_describing_json.SelfDescribingJson object at 0x7fb9c944a710>]}
[0m14:26:30.410295 [debug] [MainThread]: Flushing usage events
[0m14:26:48.111708 [debug] [MainThread]: Sending event: {'category': 'dbt', 'action': 'invocation', 'label': 'start', 'context': [<snowplow_tracker.self_describing_json.SelfDescribingJson object at 0x7f4b3daf6350>, <snowplow_tracker.self_describing_json.SelfDescribingJson object at 0x7f4b3e176aa0>, <snowplow_tracker.self_describing_json.SelfDescribingJson object at 0x7f4b3e1769b0>]}


============================== 14:26:48.114318 | 7ccd168a-bb60-4e99-948d-b89d360e7d0f ==============================
[0m14:26:48.114318 [info ] [MainThread]: Running with dbt=1.6.6
[0m14:26:48.115113 [debug] [MainThread]: running dbt with arguments {'printer_width': '80', 'indirect_selection': 'eager', 'log_cache_events': 'False', 'write_json': 'True', 'partial_parse': 'True', 'cache_selected_only': 'False', 'profiles_dir': '/home/vscode/.dbt', 'version_check': 'True', 'debug': 'False', 'log_path': 'logs', 'warn_error': 'None', 'fail_fast': 'False', 'use_colors': 'True', 'use_experimental_parser': 'False', 'no_print': 'None', 'quiet': 'False', 'log_format': 'default', 'invocation_command': 'dbt debug', 'static_parser': 'True', 'warn_error_options': 'WarnErrorOptions(include=[], exclude=[])', 'target_path': 'None', 'introspect': 'True', 'send_anonymous_usage_stats': 'True'}
[0m14:26:48.115789 [info ] [MainThread]: dbt version: 1.6.6
[0m14:26:48.116282 [info ] [MainThread]: python version: 3.10.12
[0m14:26:48.116899 [info ] [MainThread]: python path: /usr/local/python/current/bin/python
[0m14:26:48.117498 [info ] [MainThread]: os info: Linux-6.2.0-1015-azure-x86_64-with-glibc2.35
[0m14:26:48.434408 [info ] [MainThread]: Using profiles dir at /home/vscode/.dbt
[0m14:26:48.435224 [info ] [MainThread]: Using profiles.yml file at /home/vscode/.dbt/profiles.yml
[0m14:26:48.435784 [info ] [MainThread]: Using dbt_project.yml file at /workspaces/ae-club-ismail/dbt_project.yml
[0m14:26:48.436564 [info ] [MainThread]: adapter type: bigquery
[0m14:26:48.437384 [info ] [MainThread]: adapter version: 1.6.7
[0m14:26:48.438062 [info ] [MainThread]: Configuration:
[0m14:26:48.438737 [info ] [MainThread]:   profiles.yml file [[32mOK found and valid[0m]
[0m14:26:48.439888 [info ] [MainThread]:   dbt_project.yml file [[31mERROR not found[0m]
[0m14:26:48.440575 [info ] [MainThread]: Required dependencies:
[0m14:26:48.441329 [debug] [MainThread]: Executing "git --help"
[0m14:26:48.444768 [debug] [MainThread]: STDOUT: "b"usage: git [-v | --version] [-h | --help] [-C <path>] [-c <name>=<value>]\n           [--exec-path[=<path>]] [--html-path] [--man-path] [--info-path]\n           [-p | --paginate | -P | --no-pager] [--no-replace-objects] [--bare]\n           [--git-dir=<path>] [--work-tree=<path>] [--namespace=<name>]\n           [--config-env=<name>=<envvar>] <command> [<args>]\n\nThese are common Git commands used in various situations:\n\nstart a working area (see also: git help tutorial)\n   clone     Clone a repository into a new directory\n   init      Create an empty Git repository or reinitialize an existing one\n\nwork on the current change (see also: git help everyday)\n   add       Add file contents to the index\n   mv        Move or rename a file, a directory, or a symlink\n   restore   Restore working tree files\n   rm        Remove files from the working tree and from the index\n\nexamine the history and state (see also: git help revisions)\n   bisect    Use binary search to find the commit that introduced a bug\n   diff      Show changes between commits, commit and working tree, etc\n   grep      Print lines matching a pattern\n   log       Show commit logs\n   show      Show various types of objects\n   status    Show the working tree status\n\ngrow, mark and tweak your common history\n   branch    List, create, or delete branches\n   commit    Record changes to the repository\n   merge     Join two or more development histories together\n   rebase    Reapply commits on top of another base tip\n   reset     Reset current HEAD to the specified state\n   switch    Switch branches\n   tag       Create, list, delete or verify a tag object signed with GPG\n\ncollaborate (see also: git help workflows)\n   fetch     Download objects and refs from another repository\n   pull      Fetch from and integrate with another repository or a local branch\n   push      Update remote refs along with associated objects\n\n'git help -a' and 'git help -g' list available subcommands and some\nconcept guides. See 'git help <command>' or 'git help <concept>'\nto read about a specific subcommand or concept.\nSee 'git help git' for an overview of the system.\n""
[0m14:26:48.445726 [debug] [MainThread]: STDERR: "b''"
[0m14:26:48.446423 [info ] [MainThread]:  - git [[32mOK found[0m]

[0m14:26:48.447532 [info ] [MainThread]: Connection:
[0m14:26:48.448070 [info ] [MainThread]:   method: oauth
[0m14:26:48.448625 [info ] [MainThread]:   database: aec-students
[0m14:26:48.449242 [info ] [MainThread]:   execution_project: aec-students
[0m14:26:48.449750 [info ] [MainThread]:   schema: dbt_ismail
[0m14:26:48.450268 [info ] [MainThread]:   location: EU
[0m14:26:48.450814 [info ] [MainThread]:   priority: interactive
[0m14:26:48.451367 [info ] [MainThread]:   maximum_bytes_billed: None
[0m14:26:48.451939 [info ] [MainThread]:   impersonate_service_account: None
[0m14:26:48.452521 [info ] [MainThread]:   job_retry_deadline_seconds: None
[0m14:26:48.453311 [info ] [MainThread]:   job_retries: 1
[0m14:26:48.453882 [info ] [MainThread]:   job_creation_timeout_seconds: None
[0m14:26:48.454420 [info ] [MainThread]:   job_execution_timeout_seconds: 300
[0m14:26:48.454994 [info ] [MainThread]:   keyfile: None
[0m14:26:48.455565 [info ] [MainThread]:   timeout_seconds: 300
[0m14:26:48.456121 [info ] [MainThread]:   refresh_token: None
[0m14:26:48.456693 [info ] [MainThread]:   client_id: None
[0m14:26:48.457250 [info ] [MainThread]:   token_uri: None
[0m14:26:48.457821 [info ] [MainThread]:   dataproc_region: None
[0m14:26:48.458372 [info ] [MainThread]:   dataproc_cluster_name: None
[0m14:26:48.459515 [info ] [MainThread]:   gcs_bucket: None
[0m14:26:48.461426 [info ] [MainThread]:   dataproc_batch: None
[0m14:26:48.463032 [info ] [MainThread]: Registered adapter: bigquery=1.6.7
[0m14:26:48.464782 [debug] [MainThread]: Acquiring new bigquery connection 'debug'
[0m14:26:48.465985 [debug] [MainThread]: Opening a new connection, currently in state init
[0m14:26:57.475454 [debug] [MainThread]: BigQuery adapter: Got an error when attempting to create a bigquery client: 'Runtime Error
  
  dbt encountered an error while trying to read your profiles.yml file.
  
  Your default credentials were not found. To set up Application Default Credentials, see https://cloud.google.com/docs/authentication/external/set-up-adc for more information.
  '
[0m14:26:57.476110 [info ] [MainThread]:   Connection test: [[31mERROR[0m]

[0m14:26:57.476668 [info ] [MainThread]: [31m2 checks failed:[0m
[0m14:26:57.477314 [info ] [MainThread]: Project loading failed for the following reason:
 project path </workspaces/ae-club-ismail/dbt_project.yml> not found

[0m14:26:57.477933 [info ] [MainThread]: dbt was unable to connect to the specified database.
The database returned the following error:

  >Database Error
  Runtime Error
    
    dbt encountered an error while trying to read your profiles.yml file.
    
    Your default credentials were not found. To set up Application Default Credentials, see https://cloud.google.com/docs/authentication/external/set-up-adc for more information.
    

Check your database credentials and try again. For more information, visit:
https://docs.getdbt.com/docs/configure-your-profile


[0m14:26:57.478886 [debug] [MainThread]: Command `dbt debug` failed at 14:26:57.478728 after 9.38 seconds
[0m14:26:57.479417 [debug] [MainThread]: Connection 'debug' was properly closed.
[0m14:26:57.479870 [debug] [MainThread]: Sending event: {'category': 'dbt', 'action': 'invocation', 'label': 'end', 'context': [<snowplow_tracker.self_describing_json.SelfDescribingJson object at 0x7f4b3daf6350>, <snowplow_tracker.self_describing_json.SelfDescribingJson object at 0x7f4b3a278460>, <snowplow_tracker.self_describing_json.SelfDescribingJson object at 0x7f4b3a2780d0>]}
[0m14:26:57.480346 [debug] [MainThread]: Flushing usage events
[0m14:27:51.640045 [debug] [MainThread]: Sending event: {'category': 'dbt', 'action': 'invocation', 'label': 'start', 'context': [<snowplow_tracker.self_describing_json.SelfDescribingJson object at 0x7ff8438ca2f0>, <snowplow_tracker.self_describing_json.SelfDescribingJson object at 0x7ff843f16a10>, <snowplow_tracker.self_describing_json.SelfDescribingJson object at 0x7ff843f169b0>]}


============================== 14:27:51.642668 | e5c17055-6a98-4e34-a8c3-e41afa0d7a18 ==============================
[0m14:27:51.642668 [info ] [MainThread]: Running with dbt=1.6.6
[0m14:27:51.643680 [debug] [MainThread]: running dbt with arguments {'printer_width': '80', 'indirect_selection': 'eager', 'write_json': 'True', 'log_cache_events': 'False', 'partial_parse': 'True', 'cache_selected_only': 'False', 'profiles_dir': '/home/vscode/.dbt', 'debug': 'False', 'warn_error': 'None', 'log_path': 'logs', 'fail_fast': 'False', 'version_check': 'True', 'use_colors': 'True', 'use_experimental_parser': 'False', 'no_print': 'None', 'quiet': 'False', 'warn_error_options': 'WarnErrorOptions(include=[], exclude=[])', 'introspect': 'True', 'invocation_command': 'dbt init', 'static_parser': 'True', 'target_path': 'None', 'log_format': 'default', 'send_anonymous_usage_stats': 'True'}
[0m14:27:58.420048 [info ] [MainThread]: A project called coffee_shop_ismail already exists here.
[0m14:27:58.421498 [debug] [MainThread]: Command `dbt init` succeeded at 14:27:58.421347 after 6.79 seconds
[0m14:27:58.422071 [debug] [MainThread]: Sending event: {'category': 'dbt', 'action': 'invocation', 'label': 'end', 'context': [<snowplow_tracker.self_describing_json.SelfDescribingJson object at 0x7ff8438ca2f0>, <snowplow_tracker.self_describing_json.SelfDescribingJson object at 0x7ff843f16c50>, <snowplow_tracker.self_describing_json.SelfDescribingJson object at 0x7ff843f16920>]}
[0m14:27:58.422954 [debug] [MainThread]: Flushing usage events
